<?xml version="1.0" encoding="UTF-8"?>
<!-- Generated by org.testng.reporters.JUnitReportReporter -->
<testsuite skipped="0" hostname="DESKTOP-PHLJJH9" name="org.ama.TestCase" tests="8" failures="0" timestamp="07 Nov 2020 18:00:54 GMT" time="105.050" errors="0">
  <testcase name="method1" time="12.892" classname="org.ama.TestCase"/>
  <testcase name="method1" time="10.637" classname="org.ama.TestCase"/>
  <testcase name="method1" time="13.670" classname="org.ama.TestCase"/>
  <testcase name="method1" time="11.363" classname="org.ama.TestCase"/>
  <testcase name="method1" time="13.989" classname="org.ama.TestCase"/>
  <testcase name="method1" time="14.261" classname="org.ama.TestCase"/>
  <testcase name="method1" time="14.174" classname="org.ama.TestCase"/>
  <testcase name="method1" time="14.064" classname="org.ama.TestCase"/>
</testsuite> <!-- org.ama.TestCase -->
